<?xml version="1.0" encoding="UTF-8"?>
<!-- Generated by org.testng.reporters.JUnitReportReporter -->
<testsuite skipped="1" hostname="DESKTOP-O8U8L7I" name="rspleyto.testautomation.tests.GoogleSampleTest" tests="2" failures="1" timestamp="24 Aug 2017 16:46:31 GMT" time="14.292" errors="0">
  <testcase name="secondTest" time="14.292" classname="rspleyto.testautomation.tests.GoogleSampleTest">
    <failure type="java.lang.AssertionError" message="The following asserts failed:
	1. Window Title expected [trys - YouTube] but found [try - YouTube],
	2. Home tab visibility expected [true] but found [false]">
      <![CDATA[java.lang.AssertionError: The following asserts failed:
	1. Window Title expected [trys - YouTube] but found [try - YouTube],
	2. Home tab visibility expected [true] but found [false]
	at rspleyto.testautomation.assertions.Assertion.assertAll(Assertion.java:55)
	at rspleyto.testautomation.assertions.Assertion.doAssert(Assertion.java:32)
	at rspleyto.testautomation.assertions.Assertion.assertTrue(Assertion.java:143)
	at rspleyto.testautomation.tests.BaseTest.assertTrue(BaseTest.java:23)
	at rspleyto.testautomation.tests.GoogleSampleTest.secondTest(GoogleSampleTest.java:45)
	at sun.reflect.NativeMethodAccessorImpl.invoke0(Native Method)
	at sun.reflect.NativeMethodAccessorImpl.invoke(Unknown Source)
	at sun.reflect.DelegatingMethodAccessorImpl.invoke(Unknown Source)
	at java.lang.reflect.Method.invoke(Unknown Source)
	at org.testng.internal.MethodInvocationHelper.invokeMethod(MethodInvocationHelper.java:108)
	at org.testng.internal.Invoker.invokeMethod(Invoker.java:661)
	at org.testng.internal.Invoker.invokeTestMethod(Invoker.java:869)
	at org.testng.internal.Invoker.invokeTestMethods(Invoker.java:1193)
	at org.testng.internal.TestMethodWorker.invokeTestMethods(TestMethodWorker.java:126)
	at org.testng.internal.TestMethodWorker.run(TestMethodWorker.java:109)
	at org.testng.TestRunner.privateRun(TestRunner.java:744)
	at org.testng.TestRunner.run(TestRunner.java:602)
	at org.testng.SuiteRunner.runTest(SuiteRunner.java:380)
	at org.testng.SuiteRunner.runSequentially(SuiteRunner.java:375)
	at org.testng.SuiteRunner.privateRun(SuiteRunner.java:340)
	at org.testng.SuiteRunner.run(SuiteRunner.java:289)
	at org.testng.SuiteRunnerWorker.runSuite(SuiteRunnerWorker.java:52)
	at org.testng.SuiteRunnerWorker.run(SuiteRunnerWorker.java:86)
	at org.testng.TestNG.runSuitesSequentially(TestNG.java:1301)
	at org.testng.TestNG.runSuitesLocally(TestNG.java:1226)
	at org.testng.TestNG.runSuites(TestNG.java:1144)
	at org.testng.TestNG.run(TestNG.java:1115)
	at org.testng.remote.AbstractRemoteTestNG.run(AbstractRemoteTestNG.java:132)
	at org.testng.remote.RemoteTestNG.initAndRun(RemoteTestNG.java:230)
	at org.testng.remote.RemoteTestNG.main(RemoteTestNG.java:76)
]]>
    </failure>
  </testcase> <!-- secondTest -->
  <testcase name="firstTest" classname="rspleyto.testautomation.tests.GoogleSampleTest">
    <skipped/>
  </testcase> <!-- firstTest -->
</testsuite> <!-- rspleyto.testautomation.tests.GoogleSampleTest -->
